[debug] [2021-06-25T17:25:39.279Z] ----------------------------------------------------------------------
[debug] [2021-06-25T17:25:39.281Z] Command:       /Users/raselmahmud/.nvm/versions/node/v10.22.1/bin/node /Users/raselmahmud/.nvm/versions/node/v10.22.1/bin/firebase init
[debug] [2021-06-25T17:25:39.281Z] CLI Version:   9.14.0
[debug] [2021-06-25T17:25:39.281Z] Platform:      darwin
[debug] [2021-06-25T17:25:39.281Z] Node Version:  v10.22.1
[debug] [2021-06-25T17:25:39.282Z] Time:          Fri Jun 25 2021 23:25:39 GMT+0600 (Bangladesh Standard Time)
[debug] [2021-06-25T17:25:39.282Z] ----------------------------------------------------------------------
[debug] 
[debug] [2021-06-25T17:25:39.284Z] >>> [apiv2][query] GET https://firebase-public.firebaseio.com/cli.json [none]
[debug] [2021-06-25T17:25:39.306Z] > command requires scopes: ["email","openid","https://www.googleapis.com/auth/cloudplatformprojects.readonly","https://www.googleapis.com/auth/firebase","https://www.googleapis.com/auth/cloud-platform"]
[debug] [2021-06-25T17:25:39.306Z] > authorizing via signed-in user (rasel.wp@gmail.com)
[info] 
     ######## #### ########  ######## ########     ###     ######  ########
     ##        ##  ##     ## ##       ##     ##  ##   ##  ##       ##
     ######    ##  ########  ######   ########  #########  ######  ######
     ##        ##  ##    ##  ##       ##     ## ##     ##       ## ##
     ##       #### ##     ## ######## ########  ##     ##  ######  ########

You're about to initialize a Firebase project in this directory:

  /Users/raselmahmud/Desktop/jhankar/complete-web/complete-website-client

[debug] [2021-06-25T17:25:40.358Z] <<< [apiv2][status] GET https://firebase-public.firebaseio.com/cli.json 200
[debug] [2021-06-25T17:25:40.358Z] <<< [apiv2][body] GET https://firebase-public.firebaseio.com/cli.json {"cloudBuildErrorAfter":1594252800000,"cloudBuildWarnAfter":1590019200000,"defaultNode10After":1594252800000,"minVersion":"3.0.5","node8DeploysDisabledAfter":1613390400000,"node8RuntimeDisabledAfter":1615809600000,"node8WarnAfter":1600128000000}
[info] 
=== Project Setup
[info] 
[info] First, let's associate this project directory with a Firebase project.
[info] You can create multiple project aliases by running firebase use --add, 
[info] but for now we'll just set up a default project.
[info] 
[info] i  If you want to create a project in a Google Cloud organization or folder, please use "firebase projects:create" instead, and return to this command when you've created the project. 
[debug] [2021-06-25T17:27:44.060Z] > refreshing access token with scopes: ["email","https://www.googleapis.com/auth/cloud-platform","https://www.googleapis.com/auth/cloudplatformprojects.readonly","https://www.googleapis.com/auth/firebase","openid"]
[debug] [2021-06-25T17:27:44.061Z] >>> HTTP REQUEST POST https://www.googleapis.com/oauth2/v3/token  
 <request body omitted>
[debug] [2021-06-25T17:27:44.499Z] <<< HTTP RESPONSE 200 {"pragma":"no-cache","cache-control":"no-cache, no-store, max-age=0, must-revalidate","date":"Fri, 25 Jun 2021 17:27:44 GMT","expires":"Mon, 01 Jan 1990 00:00:00 GMT","content-type":"application/json; charset=utf-8","vary":"X-Origin, Referer, Origin,Accept-Encoding","server":"scaffolding on HTTPServer2","x-xss-protection":"0","x-frame-options":"SAMEORIGIN","x-content-type-options":"nosniff","alt-svc":"h3=\":443\"; ma=2592000,h3-29=\":443\"; ma=2592000,h3-T051=\":443\"; ma=2592000,h3-Q050=\":443\"; ma=2592000,h3-Q046=\":443\"; ma=2592000,h3-Q043=\":443\"; ma=2592000,quic=\":443\"; ma=2592000; v=\"46,43\"","accept-ranges":"none","transfer-encoding":"chunked"}
[debug] [2021-06-25T17:27:44.516Z] >>> HTTP REQUEST POST https://cloudresourcemanager.googleapis.com/v1/projects  
 {"projectId":"netrucian","name":"netrucian"}
[debug] [2021-06-25T17:27:46.580Z] <<< HTTP RESPONSE 200 {"content-type":"application/json; charset=UTF-8","vary":"X-Origin, Referer, Origin,Accept-Encoding","date":"Fri, 25 Jun 2021 17:27:46 GMT","server":"ESF","cache-control":"private","x-xss-protection":"0","x-frame-options":"SAMEORIGIN","x-content-type-options":"nosniff","server-timing":"gfet4t7; dur=1614","alt-svc":"h3=\":443\"; ma=2592000,h3-29=\":443\"; ma=2592000,h3-T051=\":443\"; ma=2592000,h3-Q050=\":443\"; ma=2592000,h3-Q046=\":443\"; ma=2592000,h3-Q043=\":443\"; ma=2592000,quic=\":443\"; ma=2592000; v=\"46,43\"","accept-ranges":"none","transfer-encoding":"chunked"}
[debug] [2021-06-25T17:27:46.582Z] > refreshing access token with scopes: []
[debug] [2021-06-25T17:27:46.583Z] >>> HTTP REQUEST POST https://www.googleapis.com/oauth2/v3/token  
 <request body omitted>
[debug] [2021-06-25T17:27:47.017Z] <<< HTTP RESPONSE 200 {"cache-control":"no-cache, no-store, max-age=0, must-revalidate","pragma":"no-cache","expires":"Mon, 01 Jan 1990 00:00:00 GMT","date":"Fri, 25 Jun 2021 17:27:46 GMT","content-type":"application/json; charset=utf-8","vary":"X-Origin, Referer, Origin,Accept-Encoding","server":"scaffolding on HTTPServer2","x-xss-protection":"0","x-frame-options":"SAMEORIGIN","x-content-type-options":"nosniff","alt-svc":"h3=\":443\"; ma=2592000,h3-29=\":443\"; ma=2592000,h3-T051=\":443\"; ma=2592000,h3-Q050=\":443\"; ma=2592000,h3-Q046=\":443\"; ma=2592000,h3-Q043=\":443\"; ma=2592000,quic=\":443\"; ma=2592000; v=\"46,43\"","accept-ranges":"none","transfer-encoding":"chunked"}
[debug] [2021-06-25T17:27:47.033Z] >>> [apiv2][query] GET https://cloudresourcemanager.googleapis.com/v1/operations/cp.5356321280652499560 [none]
[debug] [2021-06-25T17:27:48.933Z] <<< [apiv2][status] GET https://cloudresourcemanager.googleapis.com/v1/operations/cp.5356321280652499560 200
[debug] [2021-06-25T17:27:48.933Z] <<< [apiv2][body] GET https://cloudresourcemanager.googleapis.com/v1/operations/cp.5356321280652499560 {"name":"operations/cp.5356321280652499560","metadata":{"@type":"type.googleapis.com/google.cloudresourcemanager.v1.ProjectCreationStatus","gettable":true}}
[debug] [2021-06-25T17:27:49.433Z] [Project Creation Poller] Retrying task index 0
[debug] [2021-06-25T17:27:49.434Z] >>> [apiv2][query] GET https://cloudresourcemanager.googleapis.com/v1/operations/cp.5356321280652499560 [none]
[debug] [2021-06-25T17:27:51.214Z] <<< [apiv2][status] GET https://cloudresourcemanager.googleapis.com/v1/operations/cp.5356321280652499560 200
[debug] [2021-06-25T17:27:51.214Z] <<< [apiv2][body] GET https://cloudresourcemanager.googleapis.com/v1/operations/cp.5356321280652499560 {"name":"operations/cp.5356321280652499560","metadata":{"@type":"type.googleapis.com/google.cloudresourcemanager.v1.ProjectCreationStatus","gettable":true,"ready":true},"done":true,"response":{"@type":"type.googleapis.com/google.cloudresourcemanager.v1.Project","projectNumber":"769659188496","projectId":"netrucian","lifecycleState":"ACTIVE","name":"netrucian","createTime":"2021-06-25T17:27:46.161Z"}}
[debug] [2021-06-25T17:27:51.216Z] > refreshing access token with scopes: ["email","https://www.googleapis.com/auth/cloud-platform","https://www.googleapis.com/auth/cloudplatformprojects.readonly","https://www.googleapis.com/auth/firebase","openid"]
[debug] [2021-06-25T17:27:51.217Z] >>> HTTP REQUEST POST https://www.googleapis.com/oauth2/v3/token  
 <request body omitted>
[debug] [2021-06-25T17:27:51.634Z] <<< HTTP RESPONSE 200 {"expires":"Mon, 01 Jan 1990 00:00:00 GMT","pragma":"no-cache","cache-control":"no-cache, no-store, max-age=0, must-revalidate","date":"Fri, 25 Jun 2021 17:27:51 GMT","content-type":"application/json; charset=utf-8","vary":"X-Origin, Referer, Origin,Accept-Encoding","server":"scaffolding on HTTPServer2","x-xss-protection":"0","x-frame-options":"SAMEORIGIN","x-content-type-options":"nosniff","alt-svc":"h3=\":443\"; ma=2592000,h3-29=\":443\"; ma=2592000,h3-T051=\":443\"; ma=2592000,h3-Q050=\":443\"; ma=2592000,h3-Q046=\":443\"; ma=2592000,h3-Q043=\":443\"; ma=2592000,quic=\":443\"; ma=2592000; v=\"46,43\"","accept-ranges":"none","transfer-encoding":"chunked"}
[debug] [2021-06-25T17:27:51.651Z] >>> HTTP REQUEST POST https://firebase.googleapis.com/v1beta1/projects/netrucian:addFirebase  
 
[debug] [2021-06-25T17:27:55.200Z] <<< HTTP RESPONSE 200 {"content-type":"application/json; charset=UTF-8","vary":"X-Origin, Referer, Origin,Accept-Encoding","date":"Fri, 25 Jun 2021 17:27:55 GMT","server":"ESF","cache-control":"private","x-xss-protection":"0","x-frame-options":"SAMEORIGIN","x-content-type-options":"nosniff","alt-svc":"h3=\":443\"; ma=2592000,h3-29=\":443\"; ma=2592000,h3-T051=\":443\"; ma=2592000,h3-Q050=\":443\"; ma=2592000,h3-Q046=\":443\"; ma=2592000,h3-Q043=\":443\"; ma=2592000,quic=\":443\"; ma=2592000; v=\"46,43\"","accept-ranges":"none","transfer-encoding":"chunked"}
[debug] [2021-06-25T17:27:55.201Z] > refreshing access token with scopes: []
[debug] [2021-06-25T17:27:55.201Z] >>> HTTP REQUEST POST https://www.googleapis.com/oauth2/v3/token  
 <request body omitted>
[debug] [2021-06-25T17:27:55.554Z] <<< HTTP RESPONSE 200 {"pragma":"no-cache","date":"Fri, 25 Jun 2021 17:27:55 GMT","cache-control":"no-cache, no-store, max-age=0, must-revalidate","expires":"Mon, 01 Jan 1990 00:00:00 GMT","content-type":"application/json; charset=utf-8","vary":"X-Origin, Referer, Origin,Accept-Encoding","server":"scaffolding on HTTPServer2","x-xss-protection":"0","x-frame-options":"SAMEORIGIN","x-content-type-options":"nosniff","alt-svc":"h3=\":443\"; ma=2592000,h3-29=\":443\"; ma=2592000,h3-T051=\":443\"; ma=2592000,h3-Q050=\":443\"; ma=2592000,h3-Q046=\":443\"; ma=2592000,h3-Q043=\":443\"; ma=2592000,quic=\":443\"; ma=2592000; v=\"46,43\"","accept-ranges":"none","transfer-encoding":"chunked"}
[debug] [2021-06-25T17:27:55.570Z] >>> [apiv2][query] GET https://firebase.googleapis.com/v1beta1/operations/workflows/MWQ3ZDY4OTItNGVlNy00M2U5LWFlNTctNzNhODhjZTQwNjBj [none]
[debug] [2021-06-25T17:27:57.226Z] <<< [apiv2][status] GET https://firebase.googleapis.com/v1beta1/operations/workflows/MWQ3ZDY4OTItNGVlNy00M2U5LWFlNTctNzNhODhjZTQwNjBj 200
[debug] [2021-06-25T17:27:57.226Z] <<< [apiv2][body] GET https://firebase.googleapis.com/v1beta1/operations/workflows/MWQ3ZDY4OTItNGVlNy00M2U5LWFlNTctNzNhODhjZTQwNjBj {"name":"operations/workflows/MWQ3ZDY4OTItNGVlNy00M2U5LWFlNTctNzNhODhjZTQwNjBj"}
[debug] [2021-06-25T17:27:57.728Z] [Add Firebase Poller] Retrying task index 0
[debug] [2021-06-25T17:27:57.728Z] >>> [apiv2][query] GET https://firebase.googleapis.com/v1beta1/operations/workflows/MWQ3ZDY4OTItNGVlNy00M2U5LWFlNTctNzNhODhjZTQwNjBj [none]
[debug] [2021-06-25T17:27:59.169Z] <<< [apiv2][status] GET https://firebase.googleapis.com/v1beta1/operations/workflows/MWQ3ZDY4OTItNGVlNy00M2U5LWFlNTctNzNhODhjZTQwNjBj 200
[debug] [2021-06-25T17:27:59.169Z] <<< [apiv2][body] GET https://firebase.googleapis.com/v1beta1/operations/workflows/MWQ3ZDY4OTItNGVlNy00M2U5LWFlNTctNzNhODhjZTQwNjBj {"name":"operations/workflows/MWQ3ZDY4OTItNGVlNy00M2U5LWFlNTctNzNhODhjZTQwNjBj"}
[debug] [2021-06-25T17:28:00.174Z] [Add Firebase Poller] Retrying task index 0
[debug] [2021-06-25T17:28:00.174Z] >>> [apiv2][query] GET https://firebase.googleapis.com/v1beta1/operations/workflows/MWQ3ZDY4OTItNGVlNy00M2U5LWFlNTctNzNhODhjZTQwNjBj [none]
[debug] [2021-06-25T17:28:01.500Z] <<< [apiv2][status] GET https://firebase.googleapis.com/v1beta1/operations/workflows/MWQ3ZDY4OTItNGVlNy00M2U5LWFlNTctNzNhODhjZTQwNjBj 200
[debug] [2021-06-25T17:28:01.500Z] <<< [apiv2][body] GET https://firebase.googleapis.com/v1beta1/operations/workflows/MWQ3ZDY4OTItNGVlNy00M2U5LWFlNTctNzNhODhjZTQwNjBj {"name":"operations/workflows/MWQ3ZDY4OTItNGVlNy00M2U5LWFlNTctNzNhODhjZTQwNjBj"}
[debug] [2021-06-25T17:28:03.501Z] [Add Firebase Poller] Retrying task index 0
[debug] [2021-06-25T17:28:03.502Z] >>> [apiv2][query] GET https://firebase.googleapis.com/v1beta1/operations/workflows/MWQ3ZDY4OTItNGVlNy00M2U5LWFlNTctNzNhODhjZTQwNjBj [none]
[debug] [2021-06-25T17:28:05.012Z] <<< [apiv2][status] GET https://firebase.googleapis.com/v1beta1/operations/workflows/MWQ3ZDY4OTItNGVlNy00M2U5LWFlNTctNzNhODhjZTQwNjBj 200
[debug] [2021-06-25T17:28:05.013Z] <<< [apiv2][body] GET https://firebase.googleapis.com/v1beta1/operations/workflows/MWQ3ZDY4OTItNGVlNy00M2U5LWFlNTctNzNhODhjZTQwNjBj {"name":"operations/workflows/MWQ3ZDY4OTItNGVlNy00M2U5LWFlNTctNzNhODhjZTQwNjBj","done":true,"response":{"@type":"type.googleapis.com/google.firebase.service.v1beta1.FirebaseProject","projectId":"netrucian","projectNumber":"769659188496","displayName":"netrucian","name":"projects/netrucian","resources":{"hostingSite":"netrucian"}}}
[info] 
[info] 🎉🎉🎉 Your Firebase project is ready! 🎉🎉🎉
[info] 
[info] Project information:
[info]    - Project ID: netrucian
[info]    - Project Name: netrucian
[info] 
[info] Firebase console is available at
[info] https://console.firebase.google.com/project/netrucian/overview
[info] i  Using project netrucian (netrucian) 
[info] 
=== Hosting:github Setup
[info] 
[info] i  Detected a .git folder at /Users/raselmahmud/Desktop/jhankar/complete-web/complete-website-client 
[info] i  Authorizing with GitHub to upload your service account to a GitHub repository's secrets store. 
[info] 
[info] Visit this URL on this device to log in:
[info] https://github.com/login/oauth/authorize?client_id=89cf50f02ac6aaed3484&state=906373433&redirect_uri=http%3A%2F%2Flocalhost%3A9005&scope=read%3Auser%20repo%20public_repo
[info] 
[info] Waiting for authentication...
[debug] [2021-06-25T17:28:19.972Z] >>> HTTP REQUEST POST https://github.com/login/oauth/access_token  
 {"client_id":"89cf50f02ac6aaed3484","client_secret":"3330d14abc895d9a74d5f17cd7a00711fa2c5bf0","code":"75cfda58aebd73678f74","redirect_uri":"http://localhost:9005","state":"906373433"}
[debug] [2021-06-25T17:28:20.474Z] <<< HTTP RESPONSE 200 {"server":"GitHub.com","date":"Fri, 25 Jun 2021 17:28:20 GMT","content-type":"application/json; charset=utf-8","transfer-encoding":"chunked","vary":"X-PJAX, Accept-Encoding, Accept, X-Requested-With","permissions-policy":"interest-cohort=()","etag":"W/\"5fc2bc12915d709915a3295cb26e0db2\"","cache-control":"max-age=0, private, must-revalidate","strict-transport-security":"max-age=31536000; includeSubdomains; preload","x-frame-options":"deny","x-content-type-options":"nosniff","x-xss-protection":"0","referrer-policy":"origin-when-cross-origin, strict-origin-when-cross-origin","expect-ct":"max-age=2592000, report-uri=\"https://api.github.com/_private/browser/errors\"","content-security-policy":"default-src 'none'; base-uri 'self'; block-all-mixed-content; connect-src 'self' uploads.github.com www.githubstatus.com collector.githubapp.com api.github.com github-cloud.s3.amazonaws.com github-production-repository-file-5c1aeb.s3.amazonaws.com github-production-upload-manifest-file-7fdce7.s3.amazonaws.com github-production-user-asset-6210df.s3.amazonaws.com cdn.optimizely.com logx.optimizely.com/v1/events translator.github.com wss://alive.github.com; font-src github.githubassets.com; form-action 'self' github.com gist.github.com; frame-ancestors 'none'; frame-src render.githubusercontent.com render-temp.githubusercontent.com viewscreen.githubusercontent.com; img-src 'self' data: github.githubassets.com identicons.github.com collector.githubapp.com github-cloud.s3.amazonaws.com secured-user-images.githubusercontent.com/ *.githubusercontent.com; manifest-src 'self'; media-src 'none'; script-src github.githubassets.com; style-src 'unsafe-inline' github.githubassets.com; worker-src github.com/socket-worker-3f088aa2.js gist.github.com/socket-worker-3f088aa2.js","x-github-request-id":"E24F:6EC6:37988:3B201:60D61234"}
[debug] [2021-06-25T17:28:20.478Z] >>> [apiv2][query] GET https://api.github.com/user [none]
[debug] [2021-06-25T17:28:21.022Z] <<< [apiv2][status] GET https://api.github.com/user 200
[debug] [2021-06-25T17:28:21.023Z] <<< [apiv2][body] GET https://api.github.com/user {"login":"iftyjs","id":77233219,"node_id":"MDQ6VXNlcjc3MjMzMjE5","avatar_url":"https://avatars.githubusercontent.com/u/77233219?v=4","gravatar_id":"","url":"https://api.github.com/users/iftyjs","html_url":"https://github.com/iftyjs","followers_url":"https://api.github.com/users/iftyjs/followers","following_url":"https://api.github.com/users/iftyjs/following{/other_user}","gists_url":"https://api.github.com/users/iftyjs/gists{/gist_id}","starred_url":"https://api.github.com/users/iftyjs/starred{/owner}{/repo}","subscriptions_url":"https://api.github.com/users/iftyjs/subscriptions","organizations_url":"https://api.github.com/users/iftyjs/orgs","repos_url":"https://api.github.com/users/iftyjs/repos","events_url":"https://api.github.com/users/iftyjs/events{/privacy}","received_events_url":"https://api.github.com/users/iftyjs/received_events","type":"User","site_admin":false,"name":null,"company":null,"blog":"","location":null,"email":null,"hireable":null,"bio":null,"twitter_username":null,"public_repos":17,"public_gists":0,"followers":0,"following":0,"created_at":"2021-01-10T12:49:25Z","updated_at":"2021-06-25T17:28:19Z","private_gists":0,"total_private_repos":0,"owned_private_repos":0,"disk_usage":26269,"collaborators":0,"two_factor_authentication":false,"plan":{"name":"free","space":976562499,"collaborators":0,"private_repos":10000}}
[info] 
[info] ✔  Success! Logged into GitHub as iftyjs 
[info] 
[debug] [2021-06-25T17:28:37.502Z] >>> [apiv2][query] GET https://api.github.com/repos/origin/main/actions/secrets/public-key type=owner
[debug] [2021-06-25T17:28:37.960Z] <<< [apiv2][status] GET https://api.github.com/repos/origin/main/actions/secrets/public-key 404
[debug] [2021-06-25T17:28:37.960Z] <<< [apiv2][body] GET https://api.github.com/repos/origin/main/actions/secrets/public-key {"message":"Not Found","documentation_url":"https://docs.github.com/rest/reference/actions#get-a-repository-public-key"}
[debug] [2021-06-25T17:28:46.727Z] >>> [apiv2][query] GET https://api.github.com/repos//actions/secrets/public-key type=owner
[debug] [2021-06-25T17:28:47.192Z] <<< [apiv2][status] GET https://api.github.com/repos//actions/secrets/public-key 404
[debug] [2021-06-25T17:28:47.193Z] <<< [apiv2][body] GET https://api.github.com/repos//actions/secrets/public-key {"message":"Not Found","documentation_url":"https://docs.github.com/rest"}
[debug] [2021-06-25T17:28:47.657Z] >>> [apiv2][query] GET https://api.github.com/repos//actions/secrets/public-key type=owner
[debug] [2021-06-25T17:28:48.119Z] <<< [apiv2][status] GET https://api.github.com/repos//actions/secrets/public-key 404
[debug] [2021-06-25T17:28:48.120Z] <<< [apiv2][body] GET https://api.github.com/repos//actions/secrets/public-key {"message":"Not Found","documentation_url":"https://docs.github.com/rest"}
[debug] [2021-06-25T17:28:49.802Z] >>> [apiv2][query] GET https://api.github.com/repos//actions/secrets/public-key type=owner
[debug] [2021-06-25T17:28:52.046Z] <<< [apiv2][status] GET https://api.github.com/repos//actions/secrets/public-key 404
[debug] [2021-06-25T17:28:52.047Z] <<< [apiv2][body] GET https://api.github.com/repos//actions/secrets/public-key {"message":"Not Found","documentation_url":"https://docs.github.com/rest"}
[debug] [2021-06-25T17:29:18.017Z] >>> [apiv2][query] GET https://api.github.com/repos/origin/actions/secrets/public-key type=owner
[debug] [2021-06-25T17:29:18.512Z] <<< [apiv2][status] GET https://api.github.com/repos/origin/actions/secrets/public-key 404
[debug] [2021-06-25T17:29:18.513Z] <<< [apiv2][body] GET https://api.github.com/repos/origin/actions/secrets/public-key {"message":"Not Found","documentation_url":"https://docs.github.com/rest"}
